[15:53:41] [main/INFO] (FabricLoader/GameProvider) Loading Minecraft 1.18.1 with Fabric Loader 0.12.12
[15:53:42] [main/INFO] (FabricLoader) Loading 56 mods:
	- com_moandjiezana_toml_toml4j 0.7.2 via dynamicfps
	- dynamicfps 2.0.6
	- fabric 0.45.0+1.18
	- fabric-api-base 0.4.1+b4f4f6cd65
	- fabric-api-lookup-api-v1 1.5.0+17be577f65
	- fabric-biome-api-v1 6.0.1+ded849a965
	- fabric-blockrenderlayer-v1 1.1.9+3ac43d9565
	- fabric-command-api-v1 1.1.6+3ac43d9565
	- fabric-commands-v0 0.2.5+b4f4f6cd65
	- fabric-containers-v0 0.1.18+d154e2c665
	- fabric-content-registries-v0 0.4.5+6f53a73d65
	- fabric-crash-report-info-v1 0.1.8+3ac43d9565
	- fabric-data-generation-api-v1 1.1.0+9b1557c165
	- fabric-dimensions-v1 2.1.7+43d2957165
	- fabric-entity-events-v1 1.4.5+6b21378a65
	- fabric-events-interaction-v0 0.4.16+bfa23f1765
	- fabric-events-lifecycle-v0 0.2.6+b4f4f6cd65
	- fabric-game-rule-api-v1 1.0.10+3ac43d9565
	- fabric-gametest-api-v1 1.0.6+b71809b465
	- fabric-item-api-v1 1.3.0+691a79b565
	- fabric-item-groups-v0 0.3.3+3ac43d9565
	- fabric-key-binding-api-v1 1.0.8+c8aba2f365
	- fabric-keybindings-v0 0.2.6+b4f4f6cd65
	- fabric-lifecycle-events-v1 1.4.10+c15ca33565
	- fabric-loot-tables-v1 1.0.8+3ac43d9565
	- fabric-mining-level-api-v1 1.0.3+3ac43d9565
	- fabric-mining-levels-v0 0.1.7+b4f4f6cd65
	- fabric-models-v0 0.3.3+3ac43d9565
	- fabric-networking-api-v1 1.0.18+3ac43d9565
	- fabric-networking-v0 0.3.5+b4f4f6cd65
	- fabric-object-builder-api-v1 1.11.0+3b82842e65
	- fabric-object-builders-v0 0.7.8+3ac43d9565
	- fabric-particles-v1 0.2.9+526dc1ac65
	- fabric-registry-sync-v0 0.8.6+533be9ba65
	- fabric-renderer-api-v1 0.4.9+3ac43d9565
	- fabric-renderer-indigo 0.4.12+3ac43d9565
	- fabric-renderer-registries-v1 3.2.7+b4f4f6cd65
	- fabric-rendering-data-attachment-v1 0.3.4+7242e9d765
	- fabric-rendering-fluids-v1 0.1.18+3ac43d9565
	- fabric-rendering-v0 1.1.9+b4f4f6cd65
	- fabric-rendering-v1 1.10.3+6b21378a65
	- fabric-resource-loader-v0 0.4.11+3ac43d9565
	- fabric-screen-api-v1 1.0.7+3ac43d9565
	- fabric-screen-handler-api-v1 1.1.11+3ac43d9565
	- fabric-structure-api-v1 2.0.8+295197a765
	- fabric-tag-extensions-v0 1.2.5+3ac43d9565
	- fabric-textures-v0 1.0.9+3ac43d9565
	- fabric-tool-attribute-api-v1 1.3.4+7de09f5565
	- fabric-transfer-api-v1 1.5.6+b4f4f6cd65
	- fabricloader 0.12.12
	- ferritecore 4.0.0
	- java 17
	- minecraft 1.18.1
	- org_joml_joml 1.10.2 via sodium
	- pyrotastic 1.18.1+0.0.1
	- sodium 0.4.0-alpha5+build.9
[15:53:57] [main/INFO] (FabricLoader/Mixin) SpongePowered MIXIN Subsystem Version=0.8.4 Source=file:/C:/Users/Baxter/.gradle/caches/modules-2/files-2.1/net.fabricmc/sponge-mixin/0.10.7+mixin.0.8.4/7a4ca9d54d9ae564dea0363d668036a8420ed9b8/sponge-mixin-0.10.7+mixin.0.8.4.jar Service=Knot/Fabric Env=CLIENT
[15:53:57] [main/INFO] (FabricLoader/Mixin) Loaded Fabric development mappings for mixin remapper!
[15:53:57] [main/INFO] (FabricLoader/Mixin) Compatibility level set to JAVA_16
[15:53:58] [main/INFO] (FabricLoader/Mixin) Compatibility level set to JAVA_17
[15:53:58] [main/INFO] (Sodium) Loaded configuration file for Sodium: 29 options available, 0 override(s) found
[15:54:00] [main/INFO] (Sodium) Trying to switch memory allocators to work around memory leaks present with Jemalloc 5.0.0 through 5.2.0 on Windows
[15:54:15] [main/WARN] (FabricLoader/Mixin) @Inject(@At("INVOKE")) Shift.BY=3 on fabric-lifecycle-events-v1.mixins.json:client.WorldChunkMixin::handler$zdk000$onLoadBlockEntity exceeds the maximum allowed value: 0. Increase the value of maxShiftBy to suppress this warning.
[15:54:21] [Render thread/INFO] (Minecraft) Environment: authHost='https://authserver.mojang.com', accountsHost='https://api.mojang.com', sessionHost='https://sessionserver.mojang.com', servicesHost='https://api.minecraftservices.com', name='PROD'
[15:54:23] [Render thread/ERROR] (Minecraft) Failed to verify authentication
com.mojang.authlib.exceptions.InvalidCredentialsException: Status: 401
	at com.mojang.authlib.exceptions.MinecraftClientHttpException.toAuthenticationException(MinecraftClientHttpException.java:56) ~[authlib-3.2.38.jar:?]
	at com.mojang.authlib.yggdrasil.YggdrasilUserApiService.fetchProperties(YggdrasilUserApiService.java:132) ~[authlib-3.2.38.jar:?]
	at com.mojang.authlib.yggdrasil.YggdrasilUserApiService.<init>(YggdrasilUserApiService.java:44) ~[authlib-3.2.38.jar:?]
	at com.mojang.authlib.yggdrasil.YggdrasilAuthenticationService.createUserApiService(YggdrasilAuthenticationService.java:153) ~[authlib-3.2.38.jar:?]
	at net.minecraft.client.MinecraftClient.createUserApiService(MinecraftClient.java:670) [minecraft-project-@-mapped.jar:?]
	at net.minecraft.client.MinecraftClient.<init>(MinecraftClient.java:424) [minecraft-project-@-mapped.jar:?]
	at net.minecraft.client.main.Main.main(Main.java:199) [minecraft-project-@-mapped.jar:?]
	at jdk.internal.reflect.NativeMethodAccessorImpl.invoke0(Native Method) ~[?:?]
	at jdk.internal.reflect.NativeMethodAccessorImpl.invoke(NativeMethodAccessorImpl.java:77) ~[?:?]
	at jdk.internal.reflect.DelegatingMethodAccessorImpl.invoke(DelegatingMethodAccessorImpl.java:43) ~[?:?]
	at java.lang.reflect.Method.invoke(Method.java:568) ~[?:?]
	at net.fabricmc.loader.impl.game.minecraft.MinecraftGameProvider.launch(MinecraftGameProvider.java:608) [fabric-loader-0.12.12.jar:?]
	at net.fabricmc.loader.impl.launch.knot.Knot.launch(Knot.java:77) [fabric-loader-0.12.12.jar:?]
	at net.fabricmc.loader.impl.launch.knot.KnotClient.main(KnotClient.java:23) [fabric-loader-0.12.12.jar:?]
	at net.fabricmc.devlaunchinjector.Main.main(Main.java:86) [dev-launch-injector-0.2.1+build.8.jar:?]
Caused by: com.mojang.authlib.exceptions.MinecraftClientHttpException: Status: 401
	at com.mojang.authlib.minecraft.client.MinecraftClient.readInputStream(MinecraftClient.java:78) ~[authlib-3.2.38.jar:?]
	at com.mojang.authlib.minecraft.client.MinecraftClient.get(MinecraftClient.java:48) ~[authlib-3.2.38.jar:?]
	at com.mojang.authlib.yggdrasil.YggdrasilUserApiService.fetchProperties(YggdrasilUserApiService.java:113) ~[authlib-3.2.38.jar:?]
	... 13 more
[15:54:23] [Render thread/INFO] (Minecraft) Setting user: Player335
[15:54:25] [Render thread/INFO] (pyrotastic) registering pyrotastic blocks
[15:54:25] [Render thread/INFO] (pyrotastic) registering pyrotastic entities
[15:54:25] [Render thread/INFO] (Indigo) [Indigo] Different rendering plugin detected; not applying Indigo.
[15:54:26] [Render thread/INFO] (Minecraft) Backend library: LWJGL version 3.2.2 build 10
[15:54:32] [Render thread/INFO] (Minecraft) Narrator library for x64 successfully loaded
[15:54:33] [Render thread/INFO] (Minecraft) Reloading ResourceManager: Default, Fabric Mods (Fabric Renderer - Indigo, Fabric Dimensions API (v1), Fabric Containers (v0), Fabric Screen Handler API (v1), Fabric Resource Loader (v0), Fabric Key Binding API (v1), Fabric Transfer API (v1), Fabric BlockRenderLayer Registration (v1), Fabric Loader, Fabric Crash Report Info (v1), Fabric API Lookup API (v1), Fabric Game Rule API (v1), Fabric Item Groups (v0), Fabric Structure API (v1), Fabric Tool Attribute API (v1), Fabric Tag Extensions (v0), Fabric Mining Levels (v0), Fabric Content Registries (v0), Fabric Registry Sync (v0), Fabric Lifecycle Events (v1), Fabric Events Interaction (v0), Fabric Commands (v0), Fabric Key Bindings (v0), Fabric API, Dynamic FPS, Fabric Rendering (v1), Fabric Mining Level API (v1), Fabric Rendering Data Attachment (v1), Fabric Networking API (v1), Fabric Models (v0), Fabric Command API (v1), Fabric Loot Tables (v1), Fabric Renderer API (v1), Fabric Object Builders (v0), Sodium, Fabric Textures (v0), Fabric Biome API (v1), Fabric Object Builder API (v1), Fabric Screen API (v1), Fabric Rendering Fluids (v1), Pyrotastic, Fabric API Base, Fabric Networking (v0), Fabric Events Lifecycle (v0), Fabric Data Generation API (v1), Fabric Particles (v1), Fabric Item API (v1), Fabric Renderer Registries (v1), Fabric Rendering (v0), Fabric Game Test API (v1), Fabric Entity Events (v1))
[15:54:33] [Realms Notification Availability checker #1/INFO] (Minecraft) Could not authorize you against Realms server: Invalid session id
[15:54:46] [Render thread/INFO] (Minecraft) OpenAL initialized on device OpenAL Soft on Speakers / Headphones (Realtek Audio)
[15:54:46] [Render thread/INFO] (Minecraft) Sound engine started
[15:54:47] [Render thread/INFO] (Minecraft) Created: 1024x1024x0 minecraft:textures/atlas/blocks.png-atlas
[15:54:47] [Render thread/INFO] (Minecraft) Created: 256x128x0 minecraft:textures/atlas/signs.png-atlas
[15:54:47] [Render thread/INFO] (Minecraft) Created: 1024x512x0 minecraft:textures/atlas/banner_patterns.png-atlas
[15:54:47] [Render thread/INFO] (Minecraft) Created: 1024x512x0 minecraft:textures/atlas/shield_patterns.png-atlas
[15:54:47] [Render thread/INFO] (Minecraft) Created: 256x256x0 minecraft:textures/atlas/chest.png-atlas
[15:54:47] [Render thread/INFO] (Minecraft) Created: 512x256x0 minecraft:textures/atlas/beds.png-atlas
[15:54:47] [Render thread/INFO] (Minecraft) Created: 512x256x0 minecraft:textures/atlas/shulker_boxes.png-atlas
[15:54:52] [Render thread/INFO] (Minecraft) Created: 256x256x0 minecraft:textures/atlas/particles.png-atlas
[15:54:53] [Render thread/INFO] (Minecraft) Created: 256x256x0 minecraft:textures/atlas/paintings.png-atlas
[15:54:53] [Render thread/INFO] (Minecraft) Created: 256x128x0 minecraft:textures/atlas/mob_effects.png-atlas
[15:55:05] [Render thread/WARN] (Minecraft) Ambiguity between arguments [teleport, location] and [teleport, destination] with inputs: [0.1 -0.5 .9, 0 0 0]
[15:55:05] [Render thread/WARN] (Minecraft) Ambiguity between arguments [teleport, location] and [teleport, targets] with inputs: [0.1 -0.5 .9, 0 0 0]
[15:55:05] [Render thread/WARN] (Minecraft) Ambiguity between arguments [teleport, destination] and [teleport, targets] with inputs: [Player, 0123, @e, dd12be42-52a9-4a91-a8a1-11c01849e498]
[15:55:05] [Render thread/WARN] (Minecraft) Ambiguity between arguments [teleport, targets] and [teleport, destination] with inputs: [Player, 0123, dd12be42-52a9-4a91-a8a1-11c01849e498]
[15:55:05] [Render thread/WARN] (Minecraft) Ambiguity between arguments [teleport, targets, location] and [teleport, targets, destination] with inputs: [0.1 -0.5 .9, 0 0 0]
[15:55:05] [Render thread/INFO] (Minecraft) Reloading ResourceManager: Default, Fabric Mods (Fabric Tool Attribute API (v1), Pyrotastic, Fabric Game Test API (v1))
[15:55:07] [Render thread/INFO] (Minecraft) Loaded 7 recipes
[15:55:08] [Render thread/INFO] (Minecraft) Loaded 1141 advancements
[15:55:08] [Render thread/INFO] (BiomeModificationImpl) Applied 0 biome modifications to 0 of 61 new biomes in 3.309 ms
[15:55:14] [Render thread/INFO] (Minecraft) Environment: authHost='https://authserver.mojang.com', accountsHost='https://api.mojang.com', sessionHost='https://sessionserver.mojang.com', servicesHost='https://api.minecraftservices.com', name='PROD'
[15:55:14] [Server thread/INFO] (Minecraft) Starting integrated minecraft server version 1.18.1
[15:55:14] [Server thread/INFO] (Minecraft) Generating keypair
[15:55:15] [Server thread/INFO] (Minecraft) Preparing start region for dimension minecraft:overworld
[15:55:19] [Render thread/INFO] (Minecraft) Preparing spawn area: 0%
[15:55:19] [Render thread/INFO] (Minecraft) Preparing spawn area: 0%
[15:55:19] [Render thread/INFO] (Minecraft) Preparing spawn area: 0%
[15:55:19] [Render thread/INFO] (Minecraft) Preparing spawn area: 0%
[15:55:19] [Render thread/INFO] (Minecraft) Preparing spawn area: 0%
[15:55:19] [Render thread/INFO] (Minecraft) Preparing spawn area: 0%
[15:55:19] [Render thread/INFO] (Minecraft) Preparing spawn area: 0%
[15:55:19] [Render thread/INFO] (Minecraft) Preparing spawn area: 0%
[15:55:19] [Render thread/INFO] (Minecraft) Preparing spawn area: 0%
[15:55:19] [Render thread/INFO] (Minecraft) Preparing spawn area: 0%
[15:55:20] [Render thread/INFO] (Minecraft) Preparing spawn area: 0%
[15:55:21] [Render thread/INFO] (Minecraft) Preparing spawn area: 0%
[15:55:21] [Render thread/INFO] (Minecraft) Preparing spawn area: 0%
[15:55:21] [Render thread/INFO] (Minecraft) Preparing spawn area: 0%
[15:55:22] [Render thread/INFO] (Minecraft) Preparing spawn area: 0%
[15:55:22] [Render thread/INFO] (Minecraft) Preparing spawn area: 0%
[15:55:23] [Render thread/INFO] (Minecraft) Preparing spawn area: 0%
[15:55:23] [Render thread/INFO] (Minecraft) Preparing spawn area: 0%
[15:55:24] [Render thread/INFO] (Minecraft) Preparing spawn area: 0%
[15:55:24] [Render thread/INFO] (Minecraft) Preparing spawn area: 0%
[15:55:25] [Render thread/INFO] (Minecraft) Preparing spawn area: 0%
[15:55:26] [Render thread/INFO] (Minecraft) Preparing spawn area: 0%
[15:55:26] [Render thread/INFO] (Minecraft) Preparing spawn area: 0%
[15:55:26] [Render thread/INFO] (Minecraft) Preparing spawn area: 1%
[15:55:27] [Render thread/INFO] (Minecraft) Preparing spawn area: 1%
[15:55:28] [Render thread/INFO] (Minecraft) Preparing spawn area: 2%
[15:55:28] [Render thread/INFO] (Minecraft) Preparing spawn area: 2%
[15:55:29] [Render thread/INFO] (Minecraft) Preparing spawn area: 4%
[15:55:29] [Render thread/INFO] (Minecraft) Preparing spawn area: 4%
[15:55:37] [Render thread/INFO] (Minecraft) Preparing spawn area: 4%
[15:55:37] [Render thread/INFO] (Minecraft) Preparing spawn area: 4%
[15:55:37] [Render thread/INFO] (Minecraft) Preparing spawn area: 4%
[15:55:37] [Render thread/INFO] (Minecraft) Preparing spawn area: 4%
[15:55:37] [Render thread/INFO] (Minecraft) Preparing spawn area: 4%
[15:55:37] [Render thread/INFO] (Minecraft) Preparing spawn area: 4%
[15:55:37] [Render thread/INFO] (Minecraft) Preparing spawn area: 4%
[15:55:37] [Render thread/INFO] (Minecraft) Preparing spawn area: 4%
[15:55:37] [Render thread/INFO] (Minecraft) Preparing spawn area: 4%
[15:55:37] [Render thread/INFO] (Minecraft) Preparing spawn area: 4%
[15:55:37] [Render thread/INFO] (Minecraft) Preparing spawn area: 4%
[15:55:37] [Render thread/INFO] (Minecraft) Preparing spawn area: 4%
[15:55:37] [Render thread/INFO] (Minecraft) Preparing spawn area: 4%
[15:55:37] [Render thread/INFO] (Minecraft) Preparing spawn area: 4%
[15:55:37] [Render thread/INFO] (Minecraft) Preparing spawn area: 4%
[15:55:37] [Render thread/INFO] (Minecraft) Preparing spawn area: 4%
[15:55:38] [Render thread/INFO] (Minecraft) Preparing spawn area: 5%
[15:55:38] [Render thread/INFO] (Minecraft) Preparing spawn area: 9%
[15:55:40] [Render thread/INFO] (Minecraft) Preparing spawn area: 11%
[15:55:40] [Render thread/INFO] (Minecraft) Preparing spawn area: 11%
[15:55:40] [Render thread/INFO] (Minecraft) Preparing spawn area: 11%
[15:55:40] [Render thread/INFO] (Minecraft) Preparing spawn area: 18%
[15:55:40] [Render thread/INFO] (Minecraft) Preparing spawn area: 21%
[15:55:41] [Render thread/INFO] (Minecraft) Preparing spawn area: 26%
[15:55:41] [Render thread/INFO] (Minecraft) Preparing spawn area: 30%
[15:55:42] [Render thread/INFO] (Minecraft) Preparing spawn area: 31%
[15:55:42] [Render thread/INFO] (Minecraft) Preparing spawn area: 35%
[15:55:43] [Render thread/INFO] (Minecraft) Preparing spawn area: 42%
[15:55:44] [Render thread/INFO] (Minecraft) Preparing spawn area: 43%
[15:55:44] [Render thread/INFO] (Minecraft) Preparing spawn area: 54%
[15:55:45] [Render thread/INFO] (Minecraft) Preparing spawn area: 56%
[15:55:45] [Render thread/INFO] (Minecraft) Preparing spawn area: 56%
[15:55:45] [Render thread/INFO] (Minecraft) Preparing spawn area: 58%
[15:55:46] [Render thread/INFO] (Minecraft) Preparing spawn area: 64%
[15:55:47] [Render thread/INFO] (Minecraft) Preparing spawn area: 80%
[15:55:47] [Render thread/INFO] (Minecraft) Preparing spawn area: 83%
[15:55:47] [Render thread/INFO] (Minecraft) Preparing spawn area: 84%
[15:55:48] [Render thread/INFO] (Minecraft) Preparing spawn area: 86%
[15:55:48] [Render thread/INFO] (Minecraft) Preparing spawn area: 93%
[15:55:49] [Render thread/INFO] (Minecraft) Time elapsed: 33755 ms
[15:55:50] [Server thread/INFO] (Minecraft) Changing view distance to 2, from 10
[15:55:50] [Server thread/INFO] (Minecraft) Changing simulation distance to 5, from 0
[15:55:56] [Server thread/INFO] (Minecraft) Player335[local:E:3787127a] logged in with entity id 60 at (17.32473609290002, 81.49349261807153, -35.12637459601624)
[15:55:56] [Server thread/INFO] (Minecraft) Player335 joined the game
[15:55:57] [Render thread/INFO] (ChunkBuilder) Started 1 worker threads
[15:55:58] [Render thread/INFO] (Minecraft) Loaded 0 advancements
[15:56:19] [Server thread/INFO] (Minecraft) [Player335: Summoned new entity.pyrotastic.fireworks_crate]
[15:56:19] [Server thread/INFO] (pyrotastic) XBOX LIVE
[15:56:19] [Server thread/INFO] (pyrotastic) XBOX LIVE
[15:56:19] [Server thread/INFO] (pyrotastic) XBOX LIVE
[15:56:19] [Server thread/INFO] (pyrotastic) XBOX LIVE
[15:56:19] [Server thread/INFO] (pyrotastic) XBOX LIVE
[15:56:19] [Server thread/INFO] (pyrotastic) XBOX LIVE
[15:56:19] [Server thread/INFO] (pyrotastic) XBOX LIVE
[15:56:19] [Server thread/INFO] (pyrotastic) XBOX LIVE
[15:56:19] [Server thread/INFO] (pyrotastic) XBOX LIVE
[15:56:19] [Server thread/INFO] (pyrotastic) XBOX LIVE
[15:56:19] [Server thread/INFO] (pyrotastic) XBOX LIVE
[15:56:19] [Server thread/INFO] (pyrotastic) XBOX LIVE
[15:56:19] [Server thread/INFO] (pyrotastic) XBOX LIVE
[15:56:19] [Render thread/INFO] (Minecraft) [CHAT] Summoned new entity.pyrotastic.fireworks_crate
[15:56:19] [Render thread/INFO] (pyrotastic) XBOX LIVE
[15:56:19] [Render thread/INFO] (pyrotastic) XBOX LIVE
[15:56:19] [Render thread/INFO] (pyrotastic) XBOX LIVE
[15:56:19] [Render thread/INFO] (pyrotastic) XBOX LIVE
[15:56:19] [Render thread/INFO] (pyrotastic) XBOX LIVE
[15:56:19] [Render thread/INFO] (pyrotastic) XBOX LIVE
[15:56:19] [Render thread/INFO] (pyrotastic) XBOX LIVE
[15:56:19] [Render thread/INFO] (pyrotastic) XBOX LIVE
[15:56:19] [Render thread/INFO] (pyrotastic) XBOX LIVE
[15:56:19] [Render thread/INFO] (pyrotastic) XBOX LIVE
[15:56:19] [Server thread/INFO] (pyrotastic) XBOX LIVE
[15:56:19] [Server thread/INFO] (pyrotastic) XBOX LIVE
[15:56:19] [Render thread/INFO] (pyrotastic) XBOX LIVE
[15:56:19] [Render thread/INFO] (pyrotastic) XBOX LIVE
[15:56:19] [Render thread/INFO] (pyrotastic) XBOX LIVE
[15:56:19] [Server thread/INFO] (pyrotastic) XBOX LIVE
[15:56:19] [Server thread/INFO] (pyrotastic) XBOX LIVE
[15:56:19] [Server thread/INFO] (pyrotastic) XBOX LIVE
[15:56:19] [Server thread/INFO] (pyrotastic) XBOX LIVE
[15:56:20] [Server thread/INFO] (pyrotastic) XBOX LIVE
[15:56:20] [Server thread/INFO] (pyrotastic) XBOX LIVE
[15:56:20] [Server thread/INFO] (pyrotastic) XBOX LIVE
[15:56:20] [Render thread/INFO] (pyrotastic) XBOX LIVE
[15:56:20] [Server thread/INFO] (pyrotastic) XBOX LIVE
[15:56:20] [Server thread/INFO] (pyrotastic) XBOX LIVE
[15:56:20] [Render thread/INFO] (pyrotastic) XBOX LIVE
[15:56:20] [Server thread/INFO] (pyrotastic) XBOX LIVE
[15:56:20] [Server thread/INFO] (pyrotastic) XBOX LIVE
[15:56:20] [Render thread/INFO] (pyrotastic) XBOX LIVE
[15:56:20] [Render thread/INFO] (pyrotastic) XBOX LIVE
[15:56:20] [Render thread/INFO] (pyrotastic) XBOX LIVE
[15:56:20] [Render thread/INFO] (pyrotastic) XBOX LIVE
[15:56:20] [Render thread/INFO] (pyrotastic) XBOX LIVE
[15:56:20] [Server thread/INFO] (pyrotastic) XBOX LIVE
[15:56:20] [Server thread/INFO] (pyrotastic) XBOX LIVE
[15:56:20] [Render thread/INFO] (pyrotastic) XBOX LIVE
[15:56:20] [Render thread/INFO] (pyrotastic) XBOX LIVE
[15:56:20] [Render thread/INFO] (pyrotastic) XBOX LIVE
[15:56:20] [Render thread/INFO] (pyrotastic) XBOX LIVE
[15:56:20] [Render thread/INFO] (pyrotastic) XBOX LIVE
[15:56:20] [Render thread/INFO] (pyrotastic) XBOX LIVE
[15:56:20] [Server thread/INFO] (pyrotastic) XBOX LIVE
[15:56:20] [Server thread/INFO] (pyrotastic) XBOX LIVE
[15:56:20] [Render thread/INFO] (pyrotastic) XBOX LIVE
[15:56:20] [Server thread/INFO] (pyrotastic) XBOX LIVE
[15:56:20] [Render thread/INFO] (pyrotastic) XBOX LIVE
[15:56:20] [Render thread/INFO] (pyrotastic) XBOX LIVE
[15:56:20] [Server thread/INFO] (pyrotastic) XBOX LIVE
[15:56:20] [Server thread/INFO] (pyrotastic) XBOX LIVE
[15:56:20] [Server thread/INFO] (pyrotastic) XBOX LIVE
[15:56:20] [Server thread/INFO] (pyrotastic) XBOX LIVE
[15:56:20] [Server thread/INFO] (pyrotastic) XBOX LIVE
[15:56:20] [Server thread/INFO] (pyrotastic) XBOX LIVE
[15:56:20] [Server thread/INFO] (pyrotastic) XBOX LIVE
[15:56:20] [Server thread/INFO] (pyrotastic) XBOX LIVE
[15:56:21] [Server thread/INFO] (pyrotastic) XBOX LIVE
[15:56:21] [Server thread/INFO] (pyrotastic) XBOX LIVE
[15:56:21] [Server thread/INFO] (pyrotastic) XBOX LIVE
[15:56:21] [Server thread/INFO] (pyrotastic) XBOX LIVE
[15:56:21] [Server thread/INFO] (pyrotastic) XBOX LIVE
[15:56:21] [Server thread/INFO] (pyrotastic) XBOX LIVE
[15:56:21] [Render thread/INFO] (pyrotastic) XBOX LIVE
[15:56:21] [Render thread/INFO] (pyrotastic) XBOX LIVE
[15:56:21] [Server thread/INFO] (pyrotastic) XBOX LIVE
[15:56:21] [Server thread/INFO] (pyrotastic) XBOX LIVE
[15:56:21] [Render thread/INFO] (pyrotastic) XBOX LIVE
[15:56:21] [Render thread/INFO] (pyrotastic) XBOX LIVE
[15:56:21] [Render thread/INFO] (pyrotastic) XBOX LIVE
[15:56:21] [Render thread/INFO] (pyrotastic) XBOX LIVE
[15:56:21] [Render thread/INFO] (pyrotastic) XBOX LIVE
[15:56:21] [Server thread/INFO] (pyrotastic) XBOX LIVE
[15:56:21] [Server thread/INFO] (pyrotastic) XBOX LIVE
[15:56:21] [Render thread/INFO] (pyrotastic) XBOX LIVE
[15:56:21] [Render thread/INFO] (pyrotastic) XBOX LIVE
[15:56:21] [Render thread/INFO] (pyrotastic) XBOX LIVE
[15:56:21] [Server thread/INFO] (pyrotastic) XBOX LIVE
[15:56:21] [Server thread/INFO] (pyrotastic) XBOX LIVE
[15:56:21] [Render thread/INFO] (pyrotastic) XBOX LIVE
[15:56:21] [Render thread/INFO] (pyrotastic) XBOX LIVE
[15:56:21] [Render thread/INFO] (pyrotastic) XBOX LIVE
[15:56:21] [Render thread/INFO] (pyrotastic) XBOX LIVE
[15:56:21] [Render thread/INFO] (pyrotastic) XBOX LIVE
[15:56:21] [Render thread/INFO] (pyrotastic) XBOX LIVE
[15:56:21] [Server thread/INFO] (pyrotastic) XBOX LIVE
[15:56:21] [Render thread/INFO] (pyrotastic) XBOX LIVE
[15:56:21] [Server thread/INFO] (pyrotastic) XBOX LIVE
[15:56:21] [Render thread/INFO] (pyrotastic) XBOX LIVE
[15:56:21] [Server thread/INFO] (pyrotastic) XBOX LIVE
[15:56:21] [Render thread/INFO] (pyrotastic) XBOX LIVE
[15:56:21] [Server thread/INFO] (pyrotastic) XBOX LIVE
[15:56:21] [Render thread/INFO] (pyrotastic) XBOX LIVE
[15:56:21] [Server thread/INFO] (pyrotastic) XBOX LIVE
[15:56:21] [Server thread/INFO] (pyrotastic) XBOX LIVE
[15:56:21] [Render thread/INFO] (pyrotastic) XBOX LIVE
[15:56:21] [Render thread/INFO] (pyrotastic) XBOX LIVE
[15:56:21] [Server thread/INFO] (pyrotastic) XBOX LIVE
[15:56:21] [Server thread/INFO] (pyrotastic) XBOX LIVE
[15:56:21] [Render thread/INFO] (pyrotastic) XBOX LIVE
[15:56:21] [Render thread/INFO] (pyrotastic) XBOX LIVE
[15:56:22] [Server thread/INFO] (pyrotastic) XBOX LIVE
[15:56:22] [Server thread/INFO] (pyrotastic) XBOX LIVE
[15:56:22] [Server thread/INFO] (pyrotastic) XBOX LIVE
[15:56:22] [Render thread/INFO] (pyrotastic) XBOX LIVE
[15:56:22] [Render thread/INFO] (pyrotastic) XBOX LIVE
[15:56:22] [Render thread/INFO] (pyrotastic) XBOX LIVE
[15:56:22] [Server thread/INFO] (pyrotastic) XBOX LIVE
[15:56:22] [Render thread/INFO] (pyrotastic) XBOX LIVE
[15:56:22] [Server thread/INFO] (pyrotastic) XBOX LIVE
[15:56:22] [Render thread/INFO] (pyrotastic) XBOX LIVE
[15:56:22] [Server thread/INFO] (pyrotastic) XBOX LIVE
[15:56:22] [Render thread/INFO] (pyrotastic) XBOX LIVE
[15:56:22] [Server thread/INFO] (pyrotastic) XBOX LIVE
[15:56:22] [Render thread/INFO] (pyrotastic) XBOX LIVE
[15:56:22] [Server thread/INFO] (pyrotastic) XBOX LIVE
[15:56:22] [Server thread/INFO] (pyrotastic) XBOX LIVE
[15:56:22] [Render thread/INFO] (pyrotastic) XBOX LIVE
[15:56:22] [Render thread/INFO] (pyrotastic) XBOX LIVE
[15:56:22] [Server thread/INFO] (pyrotastic) XBOX LIVE
[15:56:22] [Render thread/INFO] (pyrotastic) XBOX LIVE
[15:56:22] [Server thread/INFO] (pyrotastic) XBOX LIVE
[15:56:22] [Render thread/INFO] (pyrotastic) XBOX LIVE
[15:56:22] [Server thread/INFO] (pyrotastic) XBOX LIVE
[15:56:22] [Render thread/INFO] (pyrotastic) XBOX LIVE
[15:56:22] [Server thread/INFO] (pyrotastic) XBOX LIVE
[15:56:22] [Server thread/INFO] (pyrotastic) XBOX LIVE
[15:56:22] [Server thread/INFO] (pyrotastic) XBOX LIVE
[15:56:22] [Server thread/INFO] (pyrotastic) XBOX LIVE
[15:56:22] [Render thread/INFO] (pyrotastic) XBOX LIVE
[15:56:22] [Render thread/INFO] (pyrotastic) XBOX LIVE
[15:56:22] [Server thread/INFO] (pyrotastic) XBOX LIVE
[15:56:22] [Server thread/INFO] (pyrotastic) XBOX LIVE
[15:56:22] [Server thread/INFO] (pyrotastic) XBOX LIVE
[15:56:22] [Server thread/INFO] (pyrotastic) XBOX LIVE
[15:56:23] [Server thread/INFO] (pyrotastic) XBOX LIVE
[15:56:32] [Server thread/INFO] (Minecraft) <Player335> dtjdjrhfdh
[15:56:32] [Render thread/INFO] (Minecraft) [CHAT] <Player335> dtjdjrhfdh
[15:56:33] [Server thread/INFO] (pyrotastic) FireworksCrateEntity['Primed TNT'/85, l='ServerLevel[New World]', x=17.50, y=76.00, z=-34.50]
[15:56:33] [Server thread/INFO] (pyrotastic) XBOX LIVE
[15:56:33] [Server thread/INFO] (pyrotastic) XBOX LIVE
[15:56:34] [Server thread/INFO] (pyrotastic) XBOX LIVE
[15:56:34] [Server thread/INFO] (pyrotastic) XBOX LIVE
[15:56:34] [Server thread/INFO] (pyrotastic) XBOX LIVE
[15:56:34] [Server thread/INFO] (pyrotastic) XBOX LIVE
[15:56:34] [Server thread/INFO] (pyrotastic) XBOX LIVE
[15:56:34] [Server thread/INFO] (pyrotastic) XBOX LIVE
[15:56:34] [Server thread/INFO] (pyrotastic) XBOX LIVE
[15:56:34] [Server thread/INFO] (pyrotastic) XBOX LIVE
[15:56:34] [Server thread/INFO] (pyrotastic) XBOX LIVE
[15:56:34] [Server thread/INFO] (pyrotastic) XBOX LIVE
[15:56:34] [Server thread/INFO] (pyrotastic) XBOX LIVE
[15:56:34] [Server thread/INFO] (pyrotastic) XBOX LIVE
[15:56:34] [Server thread/INFO] (pyrotastic) XBOX LIVE
[15:56:34] [Server thread/INFO] (pyrotastic) XBOX LIVE
[15:56:34] [Server thread/INFO] (pyrotastic) XBOX LIVE
[15:56:34] [Server thread/INFO] (pyrotastic) XBOX LIVE
[15:56:34] [Server thread/INFO] (pyrotastic) XBOX LIVE
[15:56:34] [Server thread/INFO] (pyrotastic) XBOX LIVE
[15:56:34] [Server thread/INFO] (pyrotastic) XBOX LIVE
[15:56:34] [Server thread/INFO] (pyrotastic) XBOX LIVE
[15:56:35] [Server thread/INFO] (pyrotastic) XBOX LIVE
[15:56:35] [Server thread/INFO] (pyrotastic) XBOX LIVE
[15:56:35] [Server thread/INFO] (pyrotastic) XBOX LIVE
[15:56:35] [Server thread/INFO] (pyrotastic) XBOX LIVE
[15:56:35] [Server thread/INFO] (pyrotastic) XBOX LIVE
[15:56:35] [Server thread/INFO] (pyrotastic) XBOX LIVE
[15:56:35] [Server thread/INFO] (pyrotastic) XBOX LIVE
[15:56:35] [Server thread/INFO] (pyrotastic) XBOX LIVE
[15:56:35] [Server thread/INFO] (pyrotastic) XBOX LIVE
[15:56:35] [Server thread/INFO] (pyrotastic) XBOX LIVE
[15:56:35] [Server thread/INFO] (pyrotastic) XBOX LIVE
[15:56:35] [Server thread/INFO] (pyrotastic) XBOX LIVE
[15:56:35] [Server thread/INFO] (pyrotastic) XBOX LIVE
[15:56:35] [Server thread/INFO] (pyrotastic) XBOX LIVE
[15:56:35] [Server thread/INFO] (pyrotastic) XBOX LIVE
[15:56:35] [Server thread/INFO] (pyrotastic) XBOX LIVE
[15:56:35] [Server thread/INFO] (pyrotastic) XBOX LIVE
[15:56:35] [Server thread/INFO] (pyrotastic) XBOX LIVE
[15:56:35] [Server thread/INFO] (pyrotastic) XBOX LIVE
[15:56:35] [Server thread/INFO] (pyrotastic) XBOX LIVE
[15:56:36] [Server thread/INFO] (pyrotastic) XBOX LIVE
[15:56:36] [Server thread/INFO] (pyrotastic) XBOX LIVE
[15:56:36] [Server thread/INFO] (pyrotastic) XBOX LIVE
[15:56:36] [Server thread/INFO] (pyrotastic) XBOX LIVE
[15:56:36] [Server thread/INFO] (pyrotastic) XBOX LIVE
[15:56:36] [Server thread/INFO] (pyrotastic) XBOX LIVE
[15:56:36] [Server thread/INFO] (pyrotastic) XBOX LIVE
[15:56:36] [Server thread/INFO] (pyrotastic) XBOX LIVE
[15:56:36] [Server thread/INFO] (pyrotastic) XBOX LIVE
[15:56:36] [Server thread/INFO] (pyrotastic) XBOX LIVE
[15:56:36] [Server thread/INFO] (pyrotastic) XBOX LIVE
[15:56:36] [Server thread/INFO] (pyrotastic) XBOX LIVE
[15:56:36] [Server thread/INFO] (pyrotastic) XBOX LIVE
[15:56:36] [Server thread/INFO] (pyrotastic) XBOX LIVE
[15:56:36] [Server thread/INFO] (pyrotastic) XBOX LIVE
[15:56:36] [Server thread/INFO] (pyrotastic) XBOX LIVE
[15:56:36] [Server thread/INFO] (pyrotastic) XBOX LIVE
[15:56:36] [Server thread/INFO] (pyrotastic) XBOX LIVE
[15:56:36] [Server thread/INFO] (pyrotastic) XBOX LIVE
[15:56:36] [Server thread/INFO] (pyrotastic) XBOX LIVE
[15:56:37] [Server thread/INFO] (pyrotastic) XBOX LIVE
[15:56:37] [Server thread/INFO] (pyrotastic) XBOX LIVE
[15:56:37] [Server thread/INFO] (pyrotastic) XBOX LIVE
[15:56:37] [Server thread/INFO] (pyrotastic) XBOX LIVE
[15:56:37] [Server thread/INFO] (pyrotastic) XBOX LIVE
[15:56:37] [Server thread/INFO] (pyrotastic) XBOX LIVE
[15:56:37] [Server thread/INFO] (pyrotastic) XBOX LIVE
[15:56:37] [Server thread/INFO] (pyrotastic) XBOX LIVE
[15:56:37] [Server thread/INFO] (pyrotastic) XBOX LIVE
[15:56:37] [Server thread/INFO] (pyrotastic) XBOX LIVE
[15:56:37] [Server thread/INFO] (pyrotastic) XBOX LIVE
[15:56:37] [Server thread/INFO] (pyrotastic) XBOX LIVE
[15:56:37] [Server thread/INFO] (pyrotastic) XBOX LIVE
[15:56:37] [Server thread/INFO] (pyrotastic) XBOX LIVE
[15:56:37] [Server thread/INFO] (pyrotastic) XBOX LIVE
[15:56:37] [Server thread/INFO] (pyrotastic) XBOX LIVE
[15:56:37] [Server thread/INFO] (pyrotastic) XBOX LIVE
[15:56:37] [Server thread/INFO] (pyrotastic) XBOX LIVE
[16:17:27] [Server thread/INFO] (pyrotastic) FireworksCrateEntity['Primed TNT'/95, l='ServerLevel[New World]', x=16.50, y=76.00, z=-32.50]
[16:17:27] [Server thread/INFO] (pyrotastic) XBOX LIVE
[16:17:27] [Server thread/INFO] (pyrotastic) XBOX LIVE
[16:17:27] [Server thread/INFO] (pyrotastic) XBOX LIVE
[16:17:28] [Server thread/INFO] (pyrotastic) XBOX LIVE
[16:17:28] [Server thread/INFO] (pyrotastic) XBOX LIVE
[16:17:28] [Server thread/INFO] (pyrotastic) XBOX LIVE
[16:17:28] [Server thread/INFO] (pyrotastic) XBOX LIVE
[16:17:28] [Server thread/INFO] (pyrotastic) XBOX LIVE
[16:17:28] [Server thread/INFO] (pyrotastic) FireworksCrateEntity['Primed TNT'/97, l='ServerLevel[New World]', x=16.50, y=75.00, z=-33.50]
[16:17:28] [Server thread/INFO] (pyrotastic) XBOX LIVE
[16:17:28] [Server thread/INFO] (pyrotastic) XBOX LIVE
[16:17:28] [Server thread/INFO] (pyrotastic) XBOX LIVE
[16:17:28] [Server thread/INFO] (pyrotastic) XBOX LIVE
[16:17:28] [Server thread/INFO] (pyrotastic) XBOX LIVE
[16:17:28] [Server thread/INFO] (pyrotastic) XBOX LIVE
[16:17:28] [Server thread/INFO] (pyrotastic) XBOX LIVE
[16:17:28] [Server thread/INFO] (pyrotastic) XBOX LIVE
[16:17:28] [Server thread/INFO] (pyrotastic) XBOX LIVE
[16:17:28] [Server thread/INFO] (pyrotastic) XBOX LIVE
[16:17:28] [Server thread/INFO] (pyrotastic) XBOX LIVE
[16:17:28] [Server thread/INFO] (pyrotastic) XBOX LIVE
[16:17:28] [Server thread/INFO] (pyrotastic) XBOX LIVE
[16:17:28] [Server thread/INFO] (pyrotastic) XBOX LIVE
[16:17:28] [Server thread/INFO] (pyrotastic) XBOX LIVE
[16:17:28] [Server thread/INFO] (pyrotastic) XBOX LIVE
[16:17:28] [Server thread/INFO] (pyrotastic) XBOX LIVE
[16:17:28] [Server thread/INFO] (pyrotastic) XBOX LIVE
[16:17:28] [Server thread/INFO] (pyrotastic) XBOX LIVE
[16:17:28] [Server thread/INFO] (pyrotastic) XBOX LIVE
[16:17:28] [Server thread/INFO] (pyrotastic) XBOX LIVE
[16:17:28] [Server thread/INFO] (pyrotastic) XBOX LIVE
[16:17:28] [Server thread/INFO] (pyrotastic) XBOX LIVE
[16:17:28] [Server thread/INFO] (pyrotastic) XBOX LIVE
[16:17:28] [Server thread/INFO] (pyrotastic) XBOX LIVE
[16:17:28] [Server thread/INFO] (pyrotastic) XBOX LIVE
[16:17:28] [Server thread/INFO] (pyrotastic) XBOX LIVE
[16:17:28] [Server thread/INFO] (pyrotastic) XBOX LIVE
[16:17:28] [Server thread/INFO] (pyrotastic) XBOX LIVE
[16:17:28] [Server thread/INFO] (pyrotastic) XBOX LIVE
[16:17:29] [Server thread/INFO] (pyrotastic) XBOX LIVE
[16:17:29] [Server thread/INFO] (pyrotastic) XBOX LIVE
[16:17:29] [Server thread/INFO] (pyrotastic) XBOX LIVE
[16:17:29] [Server thread/INFO] (pyrotastic) XBOX LIVE
[16:17:29] [Server thread/INFO] (pyrotastic) XBOX LIVE
[16:17:29] [Server thread/INFO] (pyrotastic) XBOX LIVE
[16:17:29] [Server thread/INFO] (pyrotastic) XBOX LIVE
[16:17:29] [Server thread/INFO] (pyrotastic) XBOX LIVE
[16:17:29] [Server thread/INFO] (pyrotastic) XBOX LIVE
[16:17:29] [Server thread/INFO] (pyrotastic) XBOX LIVE
[16:17:29] [Server thread/INFO] (pyrotastic) XBOX LIVE
[16:17:29] [Server thread/INFO] (pyrotastic) XBOX LIVE
[16:17:29] [Server thread/INFO] (pyrotastic) XBOX LIVE
[16:17:29] [Server thread/INFO] (pyrotastic) XBOX LIVE
[16:17:29] [Server thread/INFO] (pyrotastic) XBOX LIVE
[16:17:29] [Server thread/INFO] (pyrotastic) XBOX LIVE
[16:17:29] [Server thread/INFO] (pyrotastic) XBOX LIVE
[16:17:29] [Server thread/INFO] (pyrotastic) XBOX LIVE
[16:17:29] [Server thread/INFO] (pyrotastic) XBOX LIVE
[16:17:29] [Server thread/INFO] (pyrotastic) XBOX LIVE
[16:17:29] [Server thread/INFO] (pyrotastic) XBOX LIVE
[16:17:29] [Server thread/INFO] (pyrotastic) XBOX LIVE
[16:17:29] [Server thread/INFO] (pyrotastic) XBOX LIVE
[16:17:29] [Server thread/INFO] (pyrotastic) XBOX LIVE
[16:17:29] [Server thread/INFO] (pyrotastic) XBOX LIVE
[16:17:29] [Server thread/INFO] (pyrotastic) XBOX LIVE
[16:17:29] [Server thread/INFO] (pyrotastic) XBOX LIVE
[16:17:29] [Server thread/INFO] (pyrotastic) XBOX LIVE
[16:17:29] [Server thread/INFO] (pyrotastic) XBOX LIVE
[16:17:29] [Server thread/INFO] (pyrotastic) XBOX LIVE
[16:17:29] [Server thread/INFO] (pyrotastic) XBOX LIVE
[16:17:29] [Server thread/INFO] (pyrotastic) XBOX LIVE
[16:17:29] [Server thread/INFO] (pyrotastic) XBOX LIVE
[16:17:29] [Server thread/INFO] (pyrotastic) XBOX LIVE
[16:17:29] [Server thread/INFO] (pyrotastic) XBOX LIVE
[16:17:29] [Server thread/INFO] (pyrotastic) XBOX LIVE
[16:17:29] [Server thread/INFO] (pyrotastic) XBOX LIVE
[16:17:29] [Server thread/INFO] (pyrotastic) XBOX LIVE
[16:17:29] [Server thread/INFO] (pyrotastic) XBOX LIVE
[16:17:29] [Server thread/INFO] (pyrotastic) XBOX LIVE
[16:17:30] [Server thread/INFO] (pyrotastic) XBOX LIVE
[16:17:30] [Server thread/INFO] (pyrotastic) XBOX LIVE
[16:17:30] [Server thread/INFO] (pyrotastic) XBOX LIVE
[16:17:30] [Server thread/INFO] (pyrotastic) XBOX LIVE
[16:17:30] [Server thread/INFO] (pyrotastic) XBOX LIVE
[16:17:30] [Server thread/INFO] (pyrotastic) XBOX LIVE
[16:17:30] [Server thread/INFO] (pyrotastic) XBOX LIVE
[16:17:30] [Server thread/INFO] (pyrotastic) XBOX LIVE
[16:17:30] [Server thread/INFO] (pyrotastic) XBOX LIVE
[16:17:30] [Server thread/INFO] (pyrotastic) XBOX LIVE
[16:17:30] [Server thread/INFO] (pyrotastic) XBOX LIVE
[16:17:30] [Server thread/INFO] (pyrotastic) XBOX LIVE
[16:17:30] [Server thread/INFO] (pyrotastic) XBOX LIVE
[16:17:30] [Server thread/INFO] (pyrotastic) XBOX LIVE
[16:17:30] [Server thread/INFO] (pyrotastic) XBOX LIVE
[16:17:30] [Server thread/INFO] (pyrotastic) XBOX LIVE
[16:17:30] [Server thread/INFO] (pyrotastic) XBOX LIVE
[16:17:30] [Server thread/INFO] (pyrotastic) XBOX LIVE
[16:17:30] [Server thread/INFO] (pyrotastic) XBOX LIVE
[16:17:30] [Server thread/INFO] (pyrotastic) XBOX LIVE
[16:17:30] [Server thread/INFO] (pyrotastic) XBOX LIVE
[16:17:30] [Server thread/INFO] (pyrotastic) XBOX LIVE
[16:17:30] [Server thread/INFO] (pyrotastic) XBOX LIVE
[16:17:30] [Server thread/INFO] (pyrotastic) XBOX LIVE
[16:17:30] [Server thread/INFO] (pyrotastic) XBOX LIVE
[16:17:30] [Server thread/INFO] (pyrotastic) XBOX LIVE
[16:17:30] [Server thread/INFO] (pyrotastic) XBOX LIVE
[16:17:30] [Server thread/INFO] (pyrotastic) XBOX LIVE
[16:17:30] [Server thread/INFO] (pyrotastic) XBOX LIVE
[16:17:30] [Server thread/INFO] (pyrotastic) XBOX LIVE
[16:17:30] [Server thread/INFO] (pyrotastic) XBOX LIVE
[16:17:30] [Server thread/INFO] (pyrotastic) XBOX LIVE
[16:17:30] [Server thread/INFO] (pyrotastic) XBOX LIVE
[16:17:30] [Server thread/INFO] (pyrotastic) XBOX LIVE
[16:17:30] [Server thread/INFO] (pyrotastic) XBOX LIVE
[16:17:30] [Server thread/INFO] (pyrotastic) XBOX LIVE
[16:17:30] [Server thread/INFO] (pyrotastic) XBOX LIVE
[16:17:30] [Server thread/INFO] (pyrotastic) XBOX LIVE
[16:17:30] [Server thread/INFO] (pyrotastic) XBOX LIVE
[16:17:30] [Server thread/INFO] (pyrotastic) XBOX LIVE
[16:17:31] [Server thread/INFO] (pyrotastic) XBOX LIVE
[16:17:31] [Server thread/INFO] (pyrotastic) XBOX LIVE
[16:17:31] [Server thread/INFO] (pyrotastic) XBOX LIVE
[16:17:31] [Server thread/INFO] (pyrotastic) XBOX LIVE
[16:17:31] [Server thread/INFO] (pyrotastic) XBOX LIVE
[16:17:31] [Server thread/INFO] (pyrotastic) XBOX LIVE
[16:17:31] [Server thread/INFO] (pyrotastic) XBOX LIVE
[16:17:31] [Server thread/INFO] (pyrotastic) XBOX LIVE
[16:17:31] [Server thread/INFO] (pyrotastic) XBOX LIVE
[16:17:31] [Server thread/INFO] (pyrotastic) XBOX LIVE
[16:17:31] [Server thread/INFO] (pyrotastic) XBOX LIVE
[16:17:31] [Server thread/INFO] (pyrotastic) XBOX LIVE
[16:17:31] [Server thread/INFO] (pyrotastic) XBOX LIVE
[16:17:31] [Server thread/INFO] (pyrotastic) XBOX LIVE
[16:17:31] [Server thread/INFO] (pyrotastic) XBOX LIVE
[16:17:31] [Server thread/INFO] (pyrotastic) XBOX LIVE
[16:17:31] [Server thread/INFO] (pyrotastic) XBOX LIVE
[16:17:31] [Server thread/INFO] (pyrotastic) XBOX LIVE
[16:17:31] [Server thread/INFO] (pyrotastic) XBOX LIVE
[16:17:31] [Server thread/INFO] (pyrotastic) XBOX LIVE
[16:17:31] [Server thread/INFO] (pyrotastic) XBOX LIVE
[16:17:31] [Server thread/INFO] (pyrotastic) XBOX LIVE
[16:17:31] [Server thread/INFO] (pyrotastic) XBOX LIVE
[16:17:31] [Server thread/INFO] (pyrotastic) XBOX LIVE
[16:17:31] [Server thread/INFO] (pyrotastic) XBOX LIVE
[16:17:31] [Server thread/INFO] (pyrotastic) XBOX LIVE
[16:17:31] [Server thread/INFO] (pyrotastic) XBOX LIVE
[16:17:31] [Server thread/INFO] (pyrotastic) XBOX LIVE
[16:17:31] [Server thread/INFO] (pyrotastic) XBOX LIVE
[16:17:31] [Server thread/INFO] (pyrotastic) XBOX LIVE
[16:17:31] [Server thread/INFO] (pyrotastic) XBOX LIVE
[16:17:31] [Server thread/INFO] (pyrotastic) XBOX LIVE
[16:17:31] [Server thread/INFO] (pyrotastic) XBOX LIVE
[16:17:31] [Server thread/INFO] (pyrotastic) XBOX LIVE
[16:17:31] [Server thread/INFO] (pyrotastic) XBOX LIVE
[16:17:31] [Server thread/INFO] (pyrotastic) XBOX LIVE
[16:17:31] [Server thread/INFO] (pyrotastic) XBOX LIVE
[16:17:32] [Server thread/INFO] (pyrotastic) XBOX LIVE
[16:17:32] [Server thread/INFO] (pyrotastic) XBOX LIVE
[16:17:32] [Server thread/INFO] (pyrotastic) XBOX LIVE
[16:17:32] [Server thread/INFO] (pyrotastic) XBOX LIVE
[16:17:32] [Server thread/INFO] (pyrotastic) XBOX LIVE
[16:18:20] [Server thread/INFO] (Minecraft) <Player335> wow this is so fun
[16:18:20] [Render thread/INFO] (Minecraft) [CHAT] <Player335> wow this is so fun
[16:18:31] [Server thread/INFO] (Minecraft) <Player335> debugging is so cool
[16:18:31] [Render thread/INFO] (Minecraft) [CHAT] <Player335> debugging is so cool
[16:20:25] [Server thread/INFO] (pyrotastic) FireworksCrateEntity['Primed TNT'/115, l='ServerLevel[New World]', x=16.50, y=75.00, z=-31.50]
[16:20:25] [Server thread/INFO] (pyrotastic) XBOX LIVE
[16:20:25] [Server thread/INFO] (pyrotastic) XBOX LIVE
[16:20:25] [Server thread/INFO] (pyrotastic) XBOX LIVE
[16:20:25] [Server thread/INFO] (pyrotastic) XBOX LIVE
[16:20:26] [Server thread/INFO] (pyrotastic) XBOX LIVE
[16:20:26] [Server thread/INFO] (pyrotastic) XBOX LIVE
[16:20:26] [Server thread/INFO] (pyrotastic) XBOX LIVE
[16:20:26] [Server thread/INFO] (pyrotastic) XBOX LIVE
[16:20:26] [Server thread/INFO] (pyrotastic) XBOX LIVE
[16:20:26] [Server thread/INFO] (pyrotastic) XBOX LIVE
[16:20:26] [Server thread/INFO] (pyrotastic) XBOX LIVE
[16:20:26] [Server thread/INFO] (pyrotastic) XBOX LIVE
[16:20:26] [Server thread/INFO] (pyrotastic) XBOX LIVE
[16:20:26] [Server thread/INFO] (pyrotastic) XBOX LIVE
[16:20:26] [Server thread/INFO] (pyrotastic) XBOX LIVE
[16:20:26] [Server thread/INFO] (pyrotastic) XBOX LIVE
[16:20:26] [Server thread/INFO] (pyrotastic) XBOX LIVE
[16:20:26] [Server thread/INFO] (pyrotastic) XBOX LIVE
[16:20:26] [Server thread/INFO] (pyrotastic) XBOX LIVE
[16:20:26] [Server thread/INFO] (pyrotastic) XBOX LIVE
[16:20:26] [Server thread/INFO] (pyrotastic) XBOX LIVE
[16:20:26] [Server thread/INFO] (pyrotastic) XBOX LIVE
[16:20:26] [Server thread/INFO] (pyrotastic) XBOX LIVE
[16:20:26] [Server thread/INFO] (pyrotastic) XBOX LIVE
[16:20:27] [Server thread/INFO] (pyrotastic) XBOX LIVE
[16:20:27] [Server thread/INFO] (pyrotastic) XBOX LIVE
[16:20:27] [Server thread/INFO] (pyrotastic) XBOX LIVE
[16:20:27] [Server thread/INFO] (pyrotastic) XBOX LIVE
[16:20:27] [Server thread/INFO] (pyrotastic) XBOX LIVE
[16:20:27] [Server thread/INFO] (pyrotastic) XBOX LIVE
[16:20:27] [Server thread/INFO] (pyrotastic) XBOX LIVE
[16:20:27] [Server thread/INFO] (pyrotastic) XBOX LIVE
[16:20:27] [Server thread/INFO] (pyrotastic) XBOX LIVE
[16:20:27] [Server thread/INFO] (pyrotastic) XBOX LIVE
[16:20:27] [Server thread/INFO] (pyrotastic) XBOX LIVE
[16:20:27] [Server thread/INFO] (pyrotastic) XBOX LIVE
[16:20:27] [Server thread/INFO] (pyrotastic) XBOX LIVE
[16:20:27] [Server thread/INFO] (pyrotastic) XBOX LIVE
[16:20:27] [Server thread/INFO] (pyrotastic) XBOX LIVE
[16:20:27] [Server thread/INFO] (pyrotastic) XBOX LIVE
[16:20:27] [Server thread/INFO] (pyrotastic) XBOX LIVE
[16:20:27] [Server thread/INFO] (pyrotastic) XBOX LIVE
[16:20:27] [Server thread/INFO] (pyrotastic) XBOX LIVE
[16:20:27] [Server thread/INFO] (pyrotastic) XBOX LIVE
[16:20:28] [Server thread/INFO] (pyrotastic) XBOX LIVE
[16:20:28] [Server thread/INFO] (pyrotastic) XBOX LIVE
[16:20:28] [Server thread/INFO] (pyrotastic) XBOX LIVE
[16:20:28] [Server thread/INFO] (pyrotastic) XBOX LIVE
[16:20:28] [Server thread/INFO] (pyrotastic) XBOX LIVE
[16:20:28] [Server thread/INFO] (pyrotastic) XBOX LIVE
[16:20:28] [Server thread/INFO] (pyrotastic) XBOX LIVE
[16:20:28] [Server thread/INFO] (pyrotastic) XBOX LIVE
[16:20:28] [Server thread/INFO] (pyrotastic) XBOX LIVE
[16:20:28] [Server thread/INFO] (pyrotastic) XBOX LIVE
[16:20:28] [Server thread/INFO] (pyrotastic) XBOX LIVE
[16:20:28] [Server thread/INFO] (pyrotastic) XBOX LIVE
[16:20:28] [Server thread/INFO] (pyrotastic) XBOX LIVE
[16:20:28] [Server thread/INFO] (pyrotastic) XBOX LIVE
[16:20:28] [Server thread/INFO] (pyrotastic) XBOX LIVE
[16:20:28] [Server thread/INFO] (pyrotastic) XBOX LIVE
[16:20:28] [Server thread/INFO] (pyrotastic) XBOX LIVE
[16:20:28] [Server thread/INFO] (pyrotastic) XBOX LIVE
[16:20:28] [Server thread/INFO] (pyrotastic) XBOX LIVE
[16:20:28] [Server thread/INFO] (pyrotastic) XBOX LIVE
[16:20:29] [Server thread/INFO] (pyrotastic) XBOX LIVE
[16:20:29] [Server thread/INFO] (pyrotastic) XBOX LIVE
[16:20:29] [Server thread/INFO] (pyrotastic) XBOX LIVE
[16:20:29] [Server thread/INFO] (pyrotastic) XBOX LIVE
[16:20:29] [Server thread/INFO] (pyrotastic) XBOX LIVE
[16:20:29] [Server thread/INFO] (pyrotastic) XBOX LIVE
[16:20:29] [Server thread/INFO] (pyrotastic) XBOX LIVE
[16:20:29] [Server thread/INFO] (pyrotastic) XBOX LIVE
[16:20:29] [Server thread/INFO] (pyrotastic) XBOX LIVE
[16:20:29] [Server thread/INFO] (pyrotastic) XBOX LIVE
[16:20:29] [Server thread/INFO] (pyrotastic) XBOX LIVE
[16:20:29] [Server thread/INFO] (pyrotastic) XBOX LIVE
[16:20:29] [Server thread/INFO] (pyrotastic) XBOX LIVE
[16:20:29] [Server thread/INFO] (pyrotastic) XBOX LIVE
[16:20:29] [Server thread/INFO] (pyrotastic) XBOX LIVE
[16:20:29] [Server thread/INFO] (pyrotastic) XBOX LIVE
